[debug] [2021-02-05T22:26:46.285Z] ----------------------------------------------------------------------
[debug] [2021-02-05T22:26:46.287Z] Command:       C:\Program Files\nodejs\node.exe C:\Users\daman\AppData\Roaming\npm\node_modules\firebase-tools\lib\bin\firebase.js init
[debug] [2021-02-05T22:26:46.287Z] CLI Version:   9.3.0
[debug] [2021-02-05T22:26:46.287Z] Platform:      win32
[debug] [2021-02-05T22:26:46.287Z] Node Version:  v14.15.1
[debug] [2021-02-05T22:26:46.288Z] Time:          Fri Feb 05 2021 17:26:46 GMT-0500 (Eastern Standard Time)
[debug] [2021-02-05T22:26:46.289Z] ----------------------------------------------------------------------
[debug] [2021-02-05T22:26:46.289Z] 
[debug] [2021-02-05T22:26:46.295Z] > command requires scopes: ["email","openid","https://www.googleapis.com/auth/cloudplatformprojects.readonly","https://www.googleapis.com/auth/firebase","https://www.googleapis.com/auth/cloud-platform"]
[debug] [2021-02-05T22:26:46.295Z] > authorizing via signed-in user
[info] 
     ######## #### ########  ######## ########     ###     ######  ########
     ##        ##  ##     ## ##       ##     ##  ##   ##  ##       ##
     ######    ##  ########  ######   ########  #########  ######  ######
     ##        ##  ##    ##  ##       ##     ## ##     ##       ## ##
     ##       #### ##     ## ######## ########  ##     ##  ######  ########

You're about to initialize a Firebase project in this directory:

  C:\Users\daman\OneDrive\Computer\Creation\Web Development\fire-code-compliance-software

[info] 
=== Project Setup
[info] 
[info] First, let's associate this project directory with a Firebase project.
[info] You can create multiple project aliases by running firebase use --add, 
[info] but for now we'll just set up a default project.
[info] 
